<?xml version="1.0" encoding="UTF-8"?>
<!-- Generated by org.testng.reporters.JUnitXMLReporter -->
<testsuite hostname="DESKTOP-4HIH1IO" name="Test2" tests="3" failures="1" timestamp="8 Aug 2021 14:20:20 GMT" time="0.126" errors="0">
  <testcase name="f" time="0.013" classname="Component.NewTestTest">
    <failure type="java.lang.RuntimeException" message="Test not implemented">
      <![CDATA[java.lang.RuntimeException: Test not implemented
	at Component.NewTestTest.f(NewTestTest.java:61)
... Removed 25 stack frames]]>
    </failure>
  </testcase> <!-- f -->
  <testcase name="f" time="0.005" classname="Component.NewTestTest"/>
  <testcase name="f" time="0.003" classname="Component.NewTestTest"/>
</testsuite> <!-- Test2 -->
